2024-03-08 14:37:37,053 - root - INFO - Epoch 0; loss: 17.736974716186523; CER: 1.1106666326522827; WER: 1.0; val_loss: 14.31771469116211; val_CER: 1.0; val_WER: 1.0
2024-03-08 14:39:21,172 - root - INFO - Epoch 1; loss: 13.791951179504395; CER: 0.9789074063301086; WER: 1.0; val_loss: 13.358000755310059; val_CER: 0.9589999914169312; val_WER: 1.0
2024-03-08 14:41:03,773 - root - INFO - Epoch 2; loss: 12.806313514709473; CER: 0.9291481375694275; WER: 0.9999259114265442; val_loss: 12.03622817993164; val_CER: 0.9330000281333923; val_WER: 1.0
2024-03-08 14:42:47,645 - root - INFO - Epoch 3; loss: 12.112733840942383; CER: 0.9303703904151917; WER: 1.0; val_loss: 11.999868392944336; val_CER: 0.9313333630561829; val_WER: 1.0
2024-03-08 14:44:30,120 - root - INFO - Epoch 4; loss: 12.06127643585205; CER: 0.93022221326828; WER: 1.0; val_loss: 11.915962219238281; val_CER: 0.9146666526794434; val_WER: 1.0
2024-03-08 14:46:12,121 - root - INFO - Epoch 5; loss: 11.572324752807617; CER: 0.8871666789054871; WER: 1.0; val_loss: 10.684772491455078; val_CER: 0.8183333277702332; val_WER: 1.0
2024-03-08 14:47:53,006 - root - INFO - Epoch 6; loss: 10.547018051147461; CER: 0.8113703727722168; WER: 0.9995555281639099; val_loss: 9.627483367919922; val_CER: 0.7540000081062317; val_WER: 1.0
2024-03-08 14:49:32,311 - root - INFO - Epoch 7; loss: 8.735103607177734; CER: 0.6965000033378601; WER: 0.9959999918937683; val_loss: 9.33285140991211; val_CER: 0.7245000004768372; val_WER: 0.9973333477973938
2024-03-08 14:51:10,771 - root - INFO - Epoch 8; loss: 6.512583255767822; CER: 0.5401111245155334; WER: 0.9597777724266052; val_loss: 7.833410739898682; val_CER: 0.6296666860580444; val_WER: 0.9866666793823242
2024-03-08 14:52:48,372 - root - INFO - Epoch 9; loss: 4.770650863647461; CER: 0.40809258818626404; WER: 0.877407431602478; val_loss: 3.7067651748657227; val_CER: 0.33416667580604553; val_WER: 0.828000009059906
2024-03-08 14:54:25,945 - root - INFO - Epoch 10; loss: 3.626615285873413; CER: 0.30201852321624756; WER: 0.7528148293495178; val_loss: 1.945609211921692; val_CER: 0.15533334016799927; val_WER: 0.5166666507720947
2024-03-08 14:56:03,900 - root - INFO - Epoch 11; loss: 2.68865704536438; CER: 0.21559259295463562; WER: 0.6031110882759094; val_loss: 1.7745591402053833; val_CER: 0.15449999272823334; val_WER: 0.5139999985694885
2024-03-08 14:57:42,843 - root - INFO - Epoch 12; loss: 2.0691564083099365; CER: 0.16212962567806244; WER: 0.48503702878952026; val_loss: 1.0547751188278198; val_CER: 0.08799999952316284; val_WER: 0.3166666626930237
2024-03-08 14:59:28,199 - root - INFO - Epoch 13; loss: 1.6712400913238525; CER: 0.1272592544555664; WER: 0.39637038111686707; val_loss: 0.9353119730949402; val_CER: 0.06866666674613953; val_WER: 0.2446666657924652
2024-03-08 15:01:12,436 - root - INFO - Epoch 14; loss: 1.3522456884384155; CER: 0.10401851683855057; WER: 0.3325185179710388; val_loss: 0.48791757225990295; val_CER: 0.031166667118668556; val_WER: 0.11999999731779099
2024-03-08 15:02:59,252 - root - INFO - Epoch 15; loss: 1.1762828826904297; CER: 0.08844444155693054; WER: 0.29229629039764404; val_loss: 0.48139873147010803; val_CER: 0.03449999913573265; val_WER: 0.13199999928474426
2024-03-08 15:04:46,331 - root - INFO - Epoch 16; loss: 1.035071611404419; CER: 0.07694444805383682; WER: 0.25748148560523987; val_loss: 0.32737213373184204; val_CER: 0.020666666328907013; val_WER: 0.07999999821186066
2024-03-08 15:06:32,598 - root - INFO - Epoch 17; loss: 0.9220190048217773; CER: 0.06772222369909286; WER: 0.23081481456756592; val_loss: 0.31972557306289673; val_CER: 0.02033333294093609; val_WER: 0.07733333110809326
2024-03-08 15:08:20,643 - root - INFO - Epoch 18; loss: 0.824209988117218; CER: 0.06079629808664322; WER: 0.20896296203136444; val_loss: 0.2939303517341614; val_CER: 0.019833333790302277; val_WER: 0.07599999755620956
2024-03-08 15:10:06,992 - root - INFO - Epoch 19; loss: 0.7770954966545105; CER: 0.05770370364189148; WER: 0.1985185146331787; val_loss: 0.26978904008865356; val_CER: 0.016833333298563957; val_WER: 0.06666667014360428
2024-03-08 15:11:53,880 - root - INFO - Epoch 20; loss: 0.7033487558364868; CER: 0.052388887852430344; WER: 0.18348148465156555; val_loss: 0.23649415373802185; val_CER: 0.014333332888782024; val_WER: 0.05666666850447655
2024-03-08 15:13:41,056 - root - INFO - Epoch 21; loss: 0.6740070581436157; CER: 0.05055555701255798; WER: 0.17681480944156647; val_loss: 0.23324355483055115; val_CER: 0.014666666276752949; val_WER: 0.058666665107011795
2024-03-08 15:15:28,612 - root - INFO - Epoch 22; loss: 0.6215164065361023; CER: 0.04520370438694954; WER: 0.15985184907913208; val_loss: 0.23370598256587982; val_CER: 0.01549999974668026; val_WER: 0.06199999898672104
2024-03-08 15:17:16,750 - root - INFO - Epoch 23; loss: 0.5873785018920898; CER: 0.04264814779162407; WER: 0.1523703634738922; val_loss: 0.23373043537139893; val_CER: 0.015333333052694798; val_WER: 0.059333331882953644
2024-03-08 15:19:03,810 - root - INFO - Epoch 24; loss: 0.5502573251724243; CER: 0.040481481701135635; WER: 0.1459999978542328; val_loss: 0.24588491022586823; val_CER: 0.017999999225139618; val_WER: 0.06866666674613953
2024-03-08 15:20:51,416 - root - INFO - Epoch 25; loss: 0.5294485688209534; CER: 0.038592591881752014; WER: 0.1384444385766983; val_loss: 0.2248035967350006; val_CER: 0.01549999974668026; val_WER: 0.06133333221077919
2024-03-08 15:22:35,892 - root - INFO - Epoch 26; loss: 0.5121838450431824; CER: 0.0387592576444149; WER: 0.13874074816703796; val_loss: 0.24879390001296997; val_CER: 0.015333333052694798; val_WER: 0.06066666543483734
2024-03-08 15:24:23,901 - root - INFO - Epoch 27; loss: 0.4970893859863281; CER: 0.03585185110569; WER: 0.1308148205280304; val_loss: 0.23281210660934448; val_CER: 0.014166667126119137; val_WER: 0.0560000017285347
2024-03-08 15:26:11,104 - root - INFO - Epoch 28; loss: 0.4769371449947357; CER: 0.03400000184774399; WER: 0.1240740716457367; val_loss: 0.21014150977134705; val_CER: 0.013333333656191826; val_WER: 0.052666667848825455
2024-03-08 15:27:56,631 - root - INFO - Epoch 29; loss: 0.4593498408794403; CER: 0.033796295523643494; WER: 0.12192592769861221; val_loss: 0.2375505417585373; val_CER: 0.014166667126119137; val_WER: 0.054666668176651
2024-03-08 15:29:44,576 - root - INFO - Epoch 30; loss: 0.45037513971328735; CER: 0.03251851722598076; WER: 0.1174074038863182; val_loss: 0.1927427351474762; val_CER: 0.012666666880249977; val_WER: 0.05066666752099991
2024-03-08 15:31:22,991 - root - INFO - Epoch 31; loss: 0.4160623252391815; CER: 0.03074074164032936; WER: 0.1128888875246048; val_loss: 0.24355117976665497; val_CER: 0.01600000075995922; val_WER: 0.06333333253860474
2024-03-08 15:33:03,242 - root - INFO - Epoch 32; loss: 0.4123552441596985; CER: 0.03099999949336052; WER: 0.11414814740419388; val_loss: 0.1962641030550003; val_CER: 0.013166666962206364; val_WER: 0.052000001072883606
2024-03-08 15:34:43,030 - root - INFO - Epoch 33; loss: 0.4278556704521179; CER: 0.0318148136138916; WER: 0.11488889157772064; val_loss: 0.22190822660923004; val_CER: 0.014999999664723873; val_WER: 0.058666665107011795
2024-03-08 15:54:56,560 - root - INFO - Epoch 34; loss: 0.3967720568180084; CER: 0.02898148074746132; WER: 0.10651852190494537; val_loss: 0.2403876781463623; val_CER: 0.01600000075995922; val_WER: 0.06199999898672104
2024-03-08 15:56:41,630 - root - INFO - Epoch 35; loss: 0.3826904594898224; CER: 0.027796296402812004; WER: 0.1025925949215889; val_loss: 0.20374664664268494; val_CER: 0.01283333357423544; val_WER: 0.05133333429694176
2024-03-08 15:58:27,389 - root - INFO - Epoch 36; loss: 0.37563130259513855; CER: 0.027759259566664696; WER: 0.10325925797224045; val_loss: 0.183921679854393; val_CER: 0.01216666679829359; val_WER: 0.04866666719317436
2024-03-08 16:00:12,385 - root - INFO - Epoch 37; loss: 0.3604227900505066; CER: 0.026370370760560036; WER: 0.09799999743700027; val_loss: 0.19893617928028107; val_CER: 0.012500000186264515; val_WER: 0.05000000074505806
2024-03-08 16:01:58,213 - root - INFO - Epoch 38; loss: 0.36056214570999146; CER: 0.02607407420873642; WER: 0.09711111336946487; val_loss: 0.19589325785636902; val_CER: 0.013000000268220901; val_WER: 0.052000001072883606
2024-03-08 16:03:38,118 - root - INFO - Epoch 39; loss: 0.3596683442592621; CER: 0.026055555790662766; WER: 0.0962962955236435; val_loss: 0.19836808741092682; val_CER: 0.012500000186264515; val_WER: 0.04866666719317436
2024-03-08 16:03:39,934 - tf2onnx.tfonnx - INFO - Using tensorflow=2.15.0, onnx=1.15.0, tf2onnx=1.16.1/15c810
2024-03-08 16:03:39,934 - tf2onnx.tfonnx - INFO - Using opset <onnx, 15>
2024-03-08 16:03:40,023 - tf2onnx.tf_utils - INFO - Computed 0 values for constant folding
2024-03-08 16:03:40,027 - tf2onnx.tf_utils - INFO - Computed 0 values for constant folding
2024-03-08 16:03:40,029 - tf2onnx.tf_utils - INFO - Computed 0 values for constant folding
2024-03-08 16:03:40,031 - tf2onnx.tf_utils - INFO - Computed 0 values for constant folding
2024-03-08 16:03:40,061 - tf2onnx.tf_utils - INFO - Computed 2 values for constant folding
2024-03-08 16:03:40,125 - tf2onnx.tfonnx - INFO - folding node using tf type=StridedSlice, name=model/bidirectional/forward_lstm/PartitionedCall/strided_slice
2024-03-08 16:03:40,125 - tf2onnx.tfonnx - INFO - folding node using tf type=StridedSlice, name=model/bidirectional/backward_lstm/PartitionedCall/strided_slice
2024-03-08 16:03:40,239 - tf2onnx.optimizer - INFO - Optimizing ONNX model
2024-03-08 16:03:40,966 - tf2onnx.optimizer - INFO - After optimization: BatchNormalization -18 (18->0), Cast -4 (11->7), Concat -4 (10->6), Const -128 (194->66), Expand -3 (4->1), Gather +2 (2->4), Identity -2 (2->0), Shape -1 (4->3), Slice -1 (5->4), Squeeze -3 (5->2), Transpose -83 (87->4), Unsqueeze -14 (17->3)
