2024-03-08 16:07:03,184 - ImageReader - WARNING - Image train/captcha could not be read, returning None.
2024-03-08 16:07:03,184 - DataProvider - WARNING - Data or annotation is None, marking for removal on epoch end.
2024-03-08 16:07:03,184 - DataProvider - WARNING - Data or annotation is None, skipping.
2024-03-08 16:07:22,756 - DataProvider - WARNING - Removing ['train/captcha', 'captcha'] from dataset.
2024-03-08 16:07:26,564 - root - INFO - Epoch 0; loss: 18.994142532348633; CER: 1.0957975387573242; WER: 1.0; val_loss: 15.500895500183105; val_CER: 1.0; val_WER: 1.0
2024-03-08 16:08:35,961 - root - INFO - Epoch 1; loss: 15.497804641723633; CER: 1.0; WER: 1.0; val_loss: 15.506281852722168; val_CER: 1.0; val_WER: 1.0
2024-03-08 16:09:42,562 - root - INFO - Epoch 2; loss: 15.476984024047852; CER: 1.0; WER: 1.0; val_loss: 15.471783638000488; val_CER: 1.0; val_WER: 1.0
2024-03-08 16:10:51,350 - root - INFO - Epoch 3; loss: 15.37277889251709; CER: 1.0; WER: 1.0; val_loss: 15.813535690307617; val_CER: 1.0; val_WER: 1.0
2024-03-08 16:12:01,245 - root - INFO - Epoch 4; loss: 14.492304801940918; CER: 0.9934702515602112; WER: 1.0; val_loss: 18.455669403076172; val_CER: 0.998242974281311; val_WER: 1.0
2024-03-08 16:13:07,048 - root - INFO - Epoch 5; loss: 12.646689414978027; CER: 0.911569356918335; WER: 1.0; val_loss: 14.822378158569336; val_CER: 0.9319779276847839; val_WER: 1.0
2024-03-08 16:14:19,114 - root - INFO - Epoch 6; loss: 9.316675186157227; CER: 0.7681102752685547; WER: 0.9966514110565186; val_loss: 21.2604923248291; val_CER: 0.9691265225410461; val_WER: 1.0
2024-03-08 16:15:25,238 - root - INFO - Epoch 7; loss: 6.782134056091309; CER: 0.5944581031799316; WER: 0.9677419066429138; val_loss: 10.30634880065918; val_CER: 0.7404618263244629; val_WER: 0.9949799180030823
2024-03-08 16:16:31,221 - root - INFO - Epoch 8; loss: 4.697887420654297; CER: 0.4011608362197876; WER: 0.8465230464935303; val_loss: 3.122631788253784; val_CER: 0.2625502049922943; val_WER: 0.6977911591529846
2024-03-08 16:17:37,897 - root - INFO - Epoch 9; loss: 3.0122640132904053; CER: 0.2400379478931427; WER: 0.6248465180397034; val_loss: 1.0063061714172363; val_CER: 0.05045180767774582; val_WER: 0.19578313827514648
2024-03-08 16:18:43,280 - root - INFO - Epoch 10; loss: 2.120906114578247; CER: 0.16494587063789368; WER: 0.46601182222366333; val_loss: 0.5783187747001648; val_CER: 0.03313253074884415; val_WER: 0.12751004099845886
2024-03-08 16:19:48,038 - root - INFO - Epoch 11; loss: 1.5084586143493652; CER: 0.11524723470211029; WER: 0.34602075815200806; val_loss: 0.17120736837387085; val_CER: 0.002259036060422659; val_WER: 0.009036144241690636
2024-03-08 16:20:53,985 - root - INFO - Epoch 12; loss: 1.1470694541931152; CER: 0.08427280187606812; WER: 0.2697845697402954; val_loss: 0.18361346423625946; val_CER: 0.009287148714065552; val_WER: 0.03614457696676254
2024-03-08 16:21:59,985 - root - INFO - Epoch 13; loss: 0.9196902513504028; CER: 0.0698738694190979; WER: 0.22971314191818237; val_loss: 0.17184390127658844; val_CER: 0.008785140700638294; val_WER: 0.03514056280255318
2024-03-08 16:23:05,828 - root - INFO - Epoch 14; loss: 0.7408171892166138; CER: 0.05399598181247711; WER: 0.18238642811775208; val_loss: 0.07192415744066238; val_CER: 0.002259036060422659; val_WER: 0.009036144241690636
2024-03-08 16:24:10,794 - root - INFO - Epoch 15; loss: 0.638806164264679; CER: 0.04724299535155296; WER: 0.16207166016101837; val_loss: 0.046632252633571625; val_CER: 0.0012550200335681438; val_WER: 0.005020080134272575
2024-03-08 16:25:16,086 - root - INFO - Epoch 16; loss: 0.5275251865386963; CER: 0.03864828497171402; WER: 0.13695724308490753; val_loss: 0.052179791033267975; val_CER: 0.0025100400671362877; val_WER: 0.01004016026854515
2024-03-08 16:26:21,940 - root - INFO - Epoch 17; loss: 0.4412277638912201; CER: 0.03214644640684128; WER: 0.11396361142396927; val_loss: 0.024278894066810608; val_CER: 0.001004016026854515; val_WER: 0.00401606410741806
2024-03-08 16:27:28,505 - root - INFO - Epoch 18; loss: 0.4025598466396332; CER: 0.029383860528469086; WER: 0.10402946919202805; val_loss: 0.019272267818450928; val_CER: 0.0012550200335681438; val_WER: 0.005020080134272575
2024-03-08 16:28:34,815 - root - INFO - Epoch 19; loss: 0.35394027829170227; CER: 0.025253934785723686; WER: 0.09230940788984299; val_loss: 0.013753024861216545; val_CER: 0.00025100400671362877; val_WER: 0.001004016026854515
2024-03-08 16:32:04,583 - root - INFO - Epoch 20; loss: 0.33710163831710815; CER: 0.024249358102679253; WER: 0.08806786686182022; val_loss: 0.013124456629157066; val_CER: 0.0005020080134272575; val_WER: 0.00200803205370903
2024-03-08 16:33:10,772 - root - INFO - Epoch 21; loss: 0.3023289144039154; CER: 0.022937828674912453; WER: 0.08427280187606812; val_loss: 0.01551610603928566; val_CER: 0.001004016026854515; val_WER: 0.00401606410741806
2024-03-08 16:34:16,688 - root - INFO - Epoch 22; loss: 0.26048871874809265; CER: 0.018612569198012352; WER: 0.06965062767267227; val_loss: 0.006030253134667873; val_CER: 0.00025100400671362877; val_WER: 0.001004016026854515
2024-03-08 16:35:22,824 - root - INFO - Epoch 23; loss: 0.23796600103378296; CER: 0.016212746500968933; WER: 0.06005134433507919; val_loss: 0.018173741176724434; val_CER: 0.0007530120201408863; val_WER: 0.0030120480805635452
2024-03-08 16:36:29,380 - root - INFO - Epoch 24; loss: 0.24128341674804688; CER: 0.016575511544942856; WER: 0.06139077991247177; val_loss: 0.019153406843543053; val_CER: 0.001004016026854515; val_WER: 0.00401606410741806
2024-03-08 16:54:04,517 - root - INFO - Epoch 25; loss: 0.22101403772830963; CER: 0.01646389067173004; WER: 0.061725638806819916; val_loss: 0.010423755273222923; val_CER: 0.0007530120201408863; val_WER: 0.0030120480805635452
2024-03-08 17:10:56,982 - root - INFO - Epoch 26; loss: 0.20521433651447296; CER: 0.014650072902441025; WER: 0.05592142045497894; val_loss: 0.02115827053785324; val_CER: 0.0015060240402817726; val_WER: 0.0060240961611270905
2024-03-08 17:12:02,919 - root - INFO - Epoch 27; loss: 0.1701248288154602; CER: 0.011664248071610928; WER: 0.04442460089921951; val_loss: 0.0031369018834084272; val_CER: 0.0; val_WER: 0.0
2024-03-08 17:13:09,507 - root - INFO - Epoch 28; loss: 0.2099982500076294; CER: 0.015598839148879051; WER: 0.058711908757686615; val_loss: 0.005089834798127413; val_CER: 0.00025100400671362877; val_WER: 0.001004016026854515
2024-03-08 17:14:17,272 - root - INFO - Epoch 29; loss: 0.18123184144496918; CER: 0.01311530265957117; WER: 0.04989396035671234; val_loss: 0.022946391254663467; val_CER: 0.00200803205370903; val_WER: 0.007028112653642893
2024-03-08 17:15:26,381 - root - INFO - Epoch 30; loss: 0.165453240275383; CER: 0.01141310390084982; WER: 0.04408974200487137; val_loss: 0.008031860925257206; val_CER: 0.00025100400671362877; val_WER: 0.001004016026854515
2024-03-08 17:16:40,743 - root - INFO - Epoch 31; loss: 0.17749477922916412; CER: 0.012640919536352158; WER: 0.047438330948352814; val_loss: 0.09755583107471466; val_CER: 0.008283132687211037; val_WER: 0.03313253074884415
2024-03-08 17:18:28,259 - root - INFO - Epoch 32; loss: 0.14875103533267975; CER: 0.010771291330456734; WER: 0.04141087085008621; val_loss: 0.004806048236787319; val_CER: 0.0; val_WER: 0.0
2024-03-08 17:19:55,951 - root - INFO - Epoch 33; loss: 0.13978292047977448; CER: 0.009738810360431671; WER: 0.03672285005450249; val_loss: 0.017526810988783836; val_CER: 0.0017570281634107232; val_WER: 0.007028112653642893
2024-03-08 17:21:15,372 - root - INFO - Epoch 34; loss: 0.12710952758789062; CER: 0.009376046247780323; WER: 0.035048555582761765; val_loss: 0.013132590800523758; val_CER: 0.0012550200335681438; val_WER: 0.005020080134272575
2024-03-08 17:22:45,245 - root - INFO - Epoch 35; loss: 0.13484260439872742; CER: 0.009515570476651192; WER: 0.036164749413728714; val_loss: 0.0026567906606942415; val_CER: 0.0; val_WER: 0.0
2024-03-08 17:24:25,021 - root - INFO - Epoch 36; loss: 0.13984040915966034; CER: 0.009487666189670563; WER: 0.03638799116015434; val_loss: 0.04691722244024277; val_CER: 0.003765060333535075; val_WER: 0.0150602413341403
2024-03-08 17:26:01,164 - root - INFO - Epoch 37; loss: 0.10983426123857498; CER: 0.007841276936233044; WER: 0.03058377094566822; val_loss: 0.0014033815823495388; val_CER: 0.0; val_WER: 0.0
2024-03-08 17:27:33,606 - root - INFO - Epoch 38; loss: 0.13126206398010254; CER: 0.01018528826534748; WER: 0.03839714080095291; val_loss: 0.004915544297546148; val_CER: 0.0005020080134272575; val_WER: 0.00200803205370903
2024-03-08 17:29:09,016 - root - INFO - Epoch 39; loss: 0.14879469573497772; CER: 0.010910815559327602; WER: 0.04163411259651184; val_loss: 0.003400005167350173; val_CER: 0.00025100400671362877; val_WER: 0.001004016026854515
2024-03-08 17:29:11,261 - tf2onnx.tfonnx - INFO - Using tensorflow=2.15.0, onnx=1.15.0, tf2onnx=1.16.1/15c810
2024-03-08 17:29:11,261 - tf2onnx.tfonnx - INFO - Using opset <onnx, 15>
2024-03-08 17:29:11,364 - tf2onnx.tf_utils - INFO - Computed 0 values for constant folding
2024-03-08 17:29:11,370 - tf2onnx.tf_utils - INFO - Computed 0 values for constant folding
2024-03-08 17:29:11,372 - tf2onnx.tf_utils - INFO - Computed 0 values for constant folding
2024-03-08 17:29:11,378 - tf2onnx.tf_utils - INFO - Computed 0 values for constant folding
2024-03-08 17:29:11,408 - tf2onnx.tf_utils - INFO - Computed 2 values for constant folding
2024-03-08 17:29:11,487 - tf2onnx.tfonnx - INFO - folding node using tf type=StridedSlice, name=model/bidirectional/forward_lstm/PartitionedCall/strided_slice
2024-03-08 17:29:11,487 - tf2onnx.tfonnx - INFO - folding node using tf type=StridedSlice, name=model/bidirectional/backward_lstm/PartitionedCall/strided_slice
2024-03-08 17:29:11,621 - tf2onnx.optimizer - INFO - Optimizing ONNX model
2024-03-08 17:29:12,275 - tf2onnx.optimizer - INFO - After optimization: BatchNormalization -18 (18->0), Cast -4 (11->7), Concat -4 (10->6), Const -128 (194->66), Expand -3 (4->1), Gather +2 (2->4), Identity -2 (2->0), Shape -1 (4->3), Slice -1 (5->4), Squeeze -3 (5->2), Transpose -83 (87->4), Unsqueeze -14 (17->3)
