2024-03-08 11:40:04,384 - root - INFO - Epoch 0; loss: 19.051511764526367; CER: 1.0345516204833984; WER: 1.0; val_loss: 17.40567398071289; val_CER: 1.0; val_WER: 1.0
2024-03-08 11:43:18,928 - root - INFO - Epoch 1; loss: 16.733295440673828; CER: 0.9824307560920715; WER: 1.0; val_loss: 16.190288543701172; val_CER: 0.9690141081809998; val_WER: 1.0
2024-03-08 11:46:39,025 - root - INFO - Epoch 2; loss: 16.008756637573242; CER: 0.9625528454780579; WER: 1.0; val_loss: 16.52511978149414; val_CER: 0.9570422768592834; val_WER: 1.0
2024-03-08 11:49:49,338 - root - INFO - Epoch 3; loss: 15.930127143859863; CER: 0.9600387215614319; WER: 1.0; val_loss: 15.815995216369629; val_CER: 0.9522887468338013; val_WER: 1.0
2024-03-08 11:52:59,034 - root - INFO - Epoch 4; loss: 15.690373420715332; CER: 0.9503834843635559; WER: 1.0; val_loss: 14.950682640075684; val_CER: 0.9288732409477234; val_WER: 1.0
2024-03-08 11:56:09,239 - root - INFO - Epoch 5; loss: 14.465218544006348; CER: 0.9249882698059082; WER: 0.9999608993530273; val_loss: 13.862792015075684; val_CER: 0.9114436507225037; val_WER: 1.0
2024-03-08 11:59:17,855 - root - INFO - Epoch 6; loss: 12.734797477722168; CER: 0.8806933760643005; WER: 0.9996869564056396; val_loss: 19.746105194091797; val_CER: 0.8968309760093689; val_WER: 0.9985915422439575
2024-03-08 12:02:26,075 - root - INFO - Epoch 7; loss: 11.180065155029297; CER: 0.8241606950759888; WER: 0.9986304640769958; val_loss: 10.01736068725586; val_CER: 0.7625880241394043; val_WER: 0.9922535419464111
2024-03-08 12:05:34,470 - root - INFO - Epoch 8; loss: 10.011428833007812; CER: 0.7672366499900818; WER: 0.9956174492835999; val_loss: 8.742823600769043; val_CER: 0.6823063492774963; val_WER: 0.9894366264343262
2024-03-08 12:08:41,461 - root - INFO - Epoch 9; loss: 9.057073593139648; CER: 0.7078768014907837; WER: 0.9887697696685791; val_loss: 7.127195835113525; val_CER: 0.5721830725669861; val_WER: 0.9588028192520142
2024-03-08 12:11:51,670 - root - INFO - Epoch 10; loss: 8.241448402404785; CER: 0.6499941349029541; WER: 0.9762091040611267; val_loss: 10.6691312789917; val_CER: 0.6160211563110352; val_WER: 0.9232394099235535
2024-03-08 12:15:02,092 - root - INFO - Epoch 11; loss: 7.469860076904297; CER: 0.5886582136154175; WER: 0.9561746716499329; val_loss: 7.022839546203613; val_CER: 0.5360915660858154; val_WER: 0.888732373714447
2024-03-08 12:18:11,606 - root - INFO - Epoch 12; loss: 6.728801250457764; CER: 0.5299049019813538; WER: 0.9295273423194885; val_loss: 4.833786487579346; val_CER: 0.37473592162132263; val_WER: 0.8102112412452698
2024-03-08 12:21:26,674 - root - INFO - Epoch 13; loss: 6.126989364624023; CER: 0.47946664690971375; WER: 0.8977147936820984; val_loss: 5.152751445770264; val_CER: 0.38846829533576965; val_WER: 0.7908450961112976
2024-03-08 12:24:48,195 - root - INFO - Epoch 14; loss: 5.590942859649658; CER: 0.4358663260936737; WER: 0.863045871257782; val_loss: 21.248083114624023; val_CER: 0.699999988079071; val_WER: 0.8376760482788086
2024-03-08 12:28:02,404 - root - INFO - Epoch 15; loss: 5.201611518859863; CER: 0.4038092792034149; WER: 0.8358898162841797; val_loss: 13.795262336730957; val_CER: 0.5595950484275818; val_WER: 0.8073943853378296
2024-03-08 12:31:11,898 - root - INFO - Epoch 16; loss: 4.731466770172119; CER: 0.3673207759857178; WER: 0.8028251528739929; val_loss: 2.787473440170288; val_CER: 0.19639085233211517; val_WER: 0.5556337833404541
2024-03-08 12:36:40,921 - root - INFO - Epoch 17; loss: 4.403552055358887; CER: 0.3403016924858093; WER: 0.7700735926628113; val_loss: 3.0753560066223145; val_CER: 0.23855634033679962; val_WER: 0.6126760840415955
2024-03-08 12:39:48,972 - root - INFO - Epoch 18; loss: 4.097769737243652; CER: 0.31763577461242676; WER: 0.7395914793014526; val_loss: 2.349874258041382; val_CER: 0.1698063313961029; val_WER: 0.5066901445388794
2024-03-08 12:59:16,203 - root - INFO - Epoch 19; loss: 3.8770875930786133; CER: 0.2989611029624939; WER: 0.7143136858940125; val_loss: 15.528664588928223; val_CER: 0.5669894218444824; val_WER: 0.7781690359115601
2024-03-08 13:03:23,252 - root - INFO - Epoch 20; loss: 3.7068209648132324; CER: 0.2831037640571594; WER: 0.6850837469100952; val_loss: 4.3360819816589355; val_CER: 0.3064260482788086; val_WER: 0.6538732647895813
2024-03-08 13:07:32,630 - root - INFO - Epoch 21; loss: 3.4440195560455322; CER: 0.2620323896408081; WER: 0.6520190834999084; val_loss: 3.2447662353515625; val_CER: 0.2439260631799698; val_WER: 0.5975351929664612
2024-03-08 13:10:37,132 - root - INFO - Epoch 22; loss: 3.1588943004608154; CER: 0.239601269364357; WER: 0.6171936392784119; val_loss: 13.76962947845459; val_CER: 0.5554577708244324; val_WER: 0.7454225420951843
2024-03-08 13:28:26,121 - root - INFO - Epoch 23; loss: 3.06205415725708; CER: 0.23157966136932373; WER: 0.6009938716888428; val_loss: 1.519052505493164; val_CER: 0.10158450901508331; val_WER: 0.3274647891521454
2024-03-08 13:31:39,413 - root - INFO - Epoch 24; loss: 2.8817312717437744; CER: 0.21692557632923126; WER: 0.5727030634880066; val_loss: 8.713350296020508; val_CER: 0.3882042169570923; val_WER: 0.6760563254356384
2024-03-08 13:34:50,802 - root - INFO - Epoch 25; loss: 2.709845542907715; CER: 0.20290733873844147; WER: 0.5475426316261292; val_loss: 1.1699000597000122; val_CER: 0.07297535240650177; val_WER: 0.2503521144390106
2024-03-08 13:38:02,539 - root - INFO - Epoch 26; loss: 2.5892422199249268; CER: 0.1950129121541977; WER: 0.5308342576026917; val_loss: 3.2005274295806885; val_CER: 0.2295774668455124; val_WER: 0.5559859275817871
2024-03-08 13:41:12,324 - root - INFO - Epoch 27; loss: 2.504824638366699; CER: 0.18775434792041779; WER: 0.5127954483032227; val_loss: 19.21706771850586; val_CER: 0.6272887587547302; val_WER: 0.7366197109222412
2024-03-08 13:44:28,436 - root - INFO - Epoch 28; loss: 2.3874075412750244; CER: 0.1773262619972229; WER: 0.4946783483028412; val_loss: 1.0549051761627197; val_CER: 0.06698943674564362; val_WER: 0.22711268067359924
2024-03-08 13:47:39,642 - root - INFO - Epoch 29; loss: 2.2698397636413574; CER: 0.16821880638599396; WER: 0.47511348128318787; val_loss: 23.02020835876465; val_CER: 0.6519365906715393; val_WER: 0.7478873133659363
2024-03-08 13:50:52,217 - root - INFO - Epoch 30; loss: 2.1819143295288086; CER: 0.163034126162529; WER: 0.46411800384521484; val_loss: 1.3980001211166382; val_CER: 0.10721831023693085; val_WER: 0.33380281925201416
2024-03-08 13:54:02,251 - root - INFO - Epoch 31; loss: 2.110245943069458; CER: 0.15741899609565735; WER: 0.44600093364715576; val_loss: 2.3937346935272217; val_CER: 0.17447182536125183; val_WER: 0.45845070481300354
2024-03-08 13:57:10,773 - root - INFO - Epoch 32; loss: 2.0766351222991943; CER: 0.1535647213459015; WER: 0.4422444701194763; val_loss: 1.4302595853805542; val_CER: 0.10721831023693085; val_WER: 0.3313380181789398
2024-03-08 14:00:18,604 - root - INFO - Epoch 33; loss: 1.9387664794921875; CER: 0.14420293271541595; WER: 0.4204883277416229; val_loss: 0.9047794342041016; val_CER: 0.05809859186410904; val_WER: 0.19401408731937408
2024-03-08 14:03:33,302 - root - INFO - Epoch 34; loss: 1.920964241027832; CER: 0.14274534583091736; WER: 0.41767099499702454; val_loss: 1.0053056478500366; val_CER: 0.07007042318582535; val_WER: 0.23556338250637054
2024-03-08 14:06:52,269 - root - INFO - Epoch 35; loss: 1.8183872699737549; CER: 0.13490961492061615; WER: 0.3981843888759613; val_loss: 23.674577713012695; val_CER: 0.5918133854866028; val_WER: 0.7218309640884399
2024-03-08 14:10:02,014 - root - INFO - Epoch 36; loss: 1.7630693912506104; CER: 0.12979339063167572; WER: 0.3828063905239105; val_loss: 1.953156590461731; val_CER: 0.11919014155864716; val_WER: 0.33380281925201416
2024-03-08 14:13:13,456 - root - INFO - Epoch 37; loss: 1.7151896953582764; CER: 0.1275629997253418; WER: 0.38300204277038574; val_loss: 12.553606033325195; val_CER: 0.45193663239479065; val_WER: 0.6788732409477234
2024-03-08 14:16:22,702 - root - INFO - Epoch 38; loss: 1.6509695053100586; CER: 0.12206526845693588; WER: 0.36586320400238037; val_loss: 0.6613678932189941; val_CER: 0.04110915586352348; val_WER: 0.1468309909105301
2024-03-08 14:19:26,056 - root - INFO - Epoch 39; loss: 1.612213134765625; CER: 0.1205783411860466; WER: 0.3586241900920868; val_loss: 5.565097332000732; val_CER: 0.22808098793029785; val_WER: 0.46338027715682983
2024-03-08 14:19:27,800 - tf2onnx.tfonnx - INFO - Using tensorflow=2.15.0, onnx=1.15.0, tf2onnx=1.16.1/15c810
2024-03-08 14:19:27,800 - tf2onnx.tfonnx - INFO - Using opset <onnx, 15>
2024-03-08 14:19:27,889 - tf2onnx.tf_utils - INFO - Computed 0 values for constant folding
2024-03-08 14:19:27,891 - tf2onnx.tf_utils - INFO - Computed 0 values for constant folding
2024-03-08 14:19:27,896 - tf2onnx.tf_utils - INFO - Computed 0 values for constant folding
2024-03-08 14:19:27,901 - tf2onnx.tf_utils - INFO - Computed 0 values for constant folding
2024-03-08 14:19:27,928 - tf2onnx.tf_utils - INFO - Computed 2 values for constant folding
2024-03-08 14:19:27,994 - tf2onnx.tfonnx - INFO - folding node using tf type=StridedSlice, name=model/bidirectional/forward_lstm/PartitionedCall/strided_slice
2024-03-08 14:19:27,994 - tf2onnx.tfonnx - INFO - folding node using tf type=StridedSlice, name=model/bidirectional/backward_lstm/PartitionedCall/strided_slice
2024-03-08 14:19:28,106 - tf2onnx.optimizer - INFO - Optimizing ONNX model
2024-03-08 14:19:28,640 - tf2onnx.optimizer - INFO - After optimization: BatchNormalization -18 (18->0), Cast -4 (11->7), Concat -4 (10->6), Const -128 (194->66), Expand -3 (4->1), Gather +2 (2->4), Identity -2 (2->0), Shape -1 (4->3), Slice -1 (5->4), Squeeze -3 (5->2), Transpose -83 (87->4), Unsqueeze -14 (17->3)
